Arguments: 
  /usr/local/bin/node /usr/local/bin/yarn add typescript

PATH: 
  /home/rafael/.vscode-server/bin/1a5daa3a0231a0fbba4f14db7ec463cf99d7768e/bin/remote-cli:/usr/local/sbin:/usr/local/bin:/usr/sbin:/usr/bin:/sbin:/bin:/usr/games:/usr/local/games:/usr/lib/wsl/lib:/home/rafael/flutter/bin:/usr/local/go/bin:/home/rafael/flutter/bin:/usr/local/go/bin

Yarn version: 
  1.22.19

Node version: 
  18.15.0

Platform: 
  linux x64

Trace: 
  SyntaxError: /home/rafael/web/generate-files/package.json: Unexpected token } in JSON at position 616
      at JSON.parse (<anonymous>)
      at /usr/local/lib/node_modules/yarn/lib/cli.js:1629:59
      at Generator.next (<anonymous>)
      at step (/usr/local/lib/node_modules/yarn/lib/cli.js:310:30)
      at /usr/local/lib/node_modules/yarn/lib/cli.js:321:13

npm manifest: 
  {
    "name": "generate-files",
    "version": "1.0.0",
    "main": "index.js",
    "author": "Rafael Carvalho",
    "license": "MIT",
    "devDependencies": {
      "prettier": "^3.1.0",
      "@typescript-eslint/eslint-plugin": "^3.10.1",
      "@typescript-eslint/parser": "^3.10.1",
      "babel-plugin-module-resolver": "^4.1.0",
      "babel-plugin-transform-typescript-metadata": "^0.3.2",
      "eslint": "^7.7.0",
      "eslint-config-airbnb-base": "^14.2.0",
      "eslint-config-prettier": "^6.11.0",
      "eslint-import-resolver-typescript": "^2.3.0",
      "eslint-plugin-import": "^2.22.1",
      "eslint-plugin-prettier": "^3.1.4",
    }
  }

yarn manifest: 
  No manifest

Lockfile: 
  # THIS IS AN AUTOGENERATED FILE. DO NOT EDIT THIS FILE DIRECTLY.
  # yarn lockfile v1
  
  
  prettier@^3.1.0:
    version "3.1.0"
    resolved "https://registry.yarnpkg.com/prettier/-/prettier-3.1.0.tgz#c6d16474a5f764ea1a4a373c593b779697744d5e"
    integrity sha512-TQLvXjq5IAibjh8EpBIkNKxO749UEWABoiIZehEPiY4GNpVdhaFKqSTu+QrlU6D2dPAfubRmtJTi4K4YkQ5eXw==
